<?xml version="1.0" encoding="UTF-8"?>
<!-- Generated by org.testng.reporters.JUnitXMLReporter -->
<testsuite ignored="0" hostname="Advait-PC" failures="0" tests="1" name="Login Test" time="32.096" errors="0" timestamp="2021-12-18T11:21:00 IST">
  <testcase classname="com.orangehrm_hybrid_framework.testBase.TestBase" name="@BeforeTest setUP" time="31.783">
    <failure type="org.openqa.selenium.SessionNotCreatedException" message="session not created
from disconnected: received Inspector.detached event
  (Session info: chrome=94.0.4606.54)
Build info: version: &amp;apos;3.141.59&amp;apos;, revision: &amp;apos;e82be7d358&amp;apos;, time: &amp;apos;2018-11-14T08:17:03&amp;apos;
System info: host: &amp;apos;ADVAIT-PC&amp;apos;, ip: &amp;apos;192.168.42.34&amp;apos;, os.name: &amp;apos;Windows 7&amp;apos;, os.arch: &amp;apos;amd64&amp;apos;, os.version: &amp;apos;6.1&amp;apos;, java.version: &amp;apos;17&amp;apos;
Driver info: driver.version: ChromeDriver
remote stacktrace: Backtrace:
	Ordinal0 [0x00C4B3C3+2470851]
	Ordinal0 [0x00BE56A1+2053793]
	Ordinal0 [0x00AF2438+1057848]
	Ordinal0 [0x00AE5774+1005428]
	Ordinal0 [0x00AE53B6+1004470]
	Ordinal0 [0x00AE4AFA+1002234]
	Ordinal0 [0x00AE3C8D+998541]
	Ordinal0 [0x00AE3F46+999238]
	Ordinal0 [0x00AE3835+997429]
	Ordinal0 [0x00AEE524+1041700]
	Ordinal0 [0x00AE37F1+997361]
	Ordinal0 [0x00AE4716+1001238]
	Ordinal0 [0x00AE3C8D+998541]
	Ordinal0 [0x00AE3F46+999238]
	Ordinal0 [0x00AE3835+997429]
	Ordinal0 [0x00AEC4FA+1033466]
	Ordinal0 [0x00AE37F1+997361]
	Ordinal0 [0x00AE4716+1001238]
	Ordinal0 [0x00AE3C8D+998541]
	Ordinal0 [0x00AE3F46+999238]
	Ordinal0 [0x00AE3835+997429]
	Ordinal0 [0x00AEA319+1024793]
	Ordinal0 [0x00AE37F1+997361]
	Ordinal0 [0x00AE4716+1001238]
	Ordinal0 [0x00AE3C8D+998541]
	Ordinal0 [0x00AE3F46+999238]
	Ordinal0 [0x00AE3835+997429]
	Ordinal0 [0x00AE963C+1021500]
	Ordinal0 [0x00AE37F1+997361]
	Ordinal0 [0x00AE4716+1001238]
	Ordinal0 [0x00AE3C8D+998541]
	Ordinal0 [0x00AE3F46+999238]
	Ordinal0 [0x00AE3835+997429]
	Ordinal0 [0x00ADF41D+979997]
	Ordinal0 [0x00AE37F1+997361]
	Ordinal0 [0x00AE3590+996752]
	Ordinal0 [0x00AE3329+996137]
	Ordinal0 [0x00AF3650+1062480]
	Ordinal0 [0x00B3AAAA+1354410]
	Ordinal0 [0x00B3974A+1349450]
	Ordinal0 [0x00B355AB+1332651]
	Ordinal0 [0x00B12104+1188100]
	Ordinal0 [0x00B12F59+1191769]
	GetHandleVerifier [0x00DD1716+1549414]
	GetHandleVerifier [0x00E7C207+2248535]
	GetHandleVerifier [0x00CD676B+521403]
	GetHandleVerifier [0x00CD5809+517465]
	Ordinal0 [0x00BEA7DD+2074589]
	Ordinal0 [0x00BEEB98+2091928]
	Ordinal0 [0x00BEECD2+2092242]
	Ordinal0 [0x00BF8581+2131329]
	BaseThreadInitThunk [0x75E133CA+18]
	RtlInitializeExceptionChain [0x770C9ED2+99]
	RtlInitializeExceptionChain [0x770C9EA5+54]
">
      <![CDATA[org.openqa.selenium.SessionNotCreatedException: session not created
from disconnected: received Inspector.detached event
  (Session info: chrome=94.0.4606.54)
Build info: version: '3.141.59', revision: 'e82be7d358', time: '2018-11-14T08:17:03'
System info: host: 'ADVAIT-PC', ip: '192.168.42.34', os.name: 'Windows 7', os.arch: 'amd64', os.version: '6.1', java.version: '17'
Driver info: driver.version: ChromeDriver
remote stacktrace: Backtrace:
Ordinal0 [0x00C4B3C3+2470851]
Ordinal0 [0x00BE56A1+2053793]
Ordinal0 [0x00AF2438+1057848]
Ordinal0 [0x00AE5774+1005428]
Ordinal0 [0x00AE53B6+1004470]
Ordinal0 [0x00AE4AFA+1002234]
Ordinal0 [0x00AE3C8D+998541]
Ordinal0 [0x00AE3F46+999238]
Ordinal0 [0x00AE3835+997429]
Ordinal0 [0x00AEE524+1041700]
Ordinal0 [0x00AE37F1+997361]
Ordinal0 [0x00AE4716+1001238]
Ordinal0 [0x00AE3C8D+998541]
Ordinal0 [0x00AE3F46+999238]
Ordinal0 [0x00AE3835+997429]
Ordinal0 [0x00AEC4FA+1033466]
Ordinal0 [0x00AE37F1+997361]
Ordinal0 [0x00AE4716+1001238]
Ordinal0 [0x00AE3C8D+998541]
Ordinal0 [0x00AE3F46+999238]
Ordinal0 [0x00AE3835+997429]
Ordinal0 [0x00AEA319+1024793]
Ordinal0 [0x00AE37F1+997361]
Ordinal0 [0x00AE4716+1001238]
Ordinal0 [0x00AE3C8D+998541]
Ordinal0 [0x00AE3F46+999238]
Ordinal0 [0x00AE3835+997429]
Ordinal0 [0x00AE963C+1021500]
Ordinal0 [0x00AE37F1+997361]
Ordinal0 [0x00AE4716+1001238]
Ordinal0 [0x00AE3C8D+998541]
Ordinal0 [0x00AE3F46+999238]
Ordinal0 [0x00AE3835+997429]
Ordinal0 [0x00ADF41D+979997]
Ordinal0 [0x00AE37F1+997361]
Ordinal0 [0x00AE3590+996752]
Ordinal0 [0x00AE3329+996137]
Ordinal0 [0x00AF3650+1062480]
Ordinal0 [0x00B3AAAA+1354410]
Ordinal0 [0x00B3974A+1349450]
Ordinal0 [0x00B355AB+1332651]
Ordinal0 [0x00B12104+1188100]
Ordinal0 [0x00B12F59+1191769]
GetHandleVerifier [0x00DD1716+1549414]
GetHandleVerifier [0x00E7C207+2248535]
GetHandleVerifier [0x00CD676B+521403]
GetHandleVerifier [0x00CD5809+517465]
Ordinal0 [0x00BEA7DD+2074589]
Ordinal0 [0x00BEEB98+2091928]
Ordinal0 [0x00BEECD2+2092242]
Ordinal0 [0x00BF8581+2131329]
BaseThreadInitThunk [0x75E133CA+18]
RtlInitializeExceptionChain [0x770C9ED2+99]
RtlInitializeExceptionChain [0x770C9EA5+54]

at org.openqa.selenium.remote.W3CHandshakeResponse.lambda$errorHandler$0(W3CHandshakeResponse.java:62)
at org.openqa.selenium.remote.HandshakeResponse.lambda$getResponseFunction$0(HandshakeResponse.java:30)
at org.openqa.selenium.remote.ProtocolHandshake.lambda$createSession$0(ProtocolHandshake.java:126)
at java.base/java.util.stream.ReferencePipeline$3$1.accept(ReferencePipeline.java:197)
at java.base/java.util.Spliterators$ArraySpliterator.tryAdvance(Spliterators.java:1002)
at java.base/java.util.stream.ReferencePipeline.forEachWithCancel(ReferencePipeline.java:129)
at java.base/java.util.stream.AbstractPipeline.copyIntoWithCancel(AbstractPipeline.java:527)
at java.base/java.util.stream.AbstractPipeline.copyInto(AbstractPipeline.java:513)
at java.base/java.util.stream.AbstractPipeline.wrapAndCopyInto(AbstractPipeline.java:499)
at java.base/java.util.stream.FindOps$FindOp.evaluateSequential(FindOps.java:150)
at java.base/java.util.stream.AbstractPipeline.evaluate(AbstractPipeline.java:234)
at java.base/java.util.stream.ReferencePipeline.findFirst(ReferencePipeline.java:647)
at org.openqa.selenium.remote.ProtocolHandshake.createSession(ProtocolHandshake.java:128)
at org.openqa.selenium.remote.ProtocolHandshake.createSession(ProtocolHandshake.java:74)
at org.openqa.selenium.remote.HttpCommandExecutor.execute(HttpCommandExecutor.java:136)
at org.openqa.selenium.remote.service.DriverCommandExecutor.execute(DriverCommandExecutor.java:83)
at org.openqa.selenium.remote.RemoteWebDriver.execute(RemoteWebDriver.java:552)
at org.openqa.selenium.remote.RemoteWebDriver.startSession(RemoteWebDriver.java:213)
at org.openqa.selenium.remote.RemoteWebDriver.<init>(RemoteWebDriver.java:131)
at org.openqa.selenium.chrome.ChromeDriver.<init>(ChromeDriver.java:181)
at org.openqa.selenium.chrome.ChromeDriver.<init>(ChromeDriver.java:168)
at org.openqa.selenium.chrome.ChromeDriver.<init>(ChromeDriver.java:123)
at com.orangehrm_hybrid_framework.testBase.TestBase.setUP(TestBase.java:47)
... Removed 29 stack frames]]>
    </failure>
  </testcase> <!-- @BeforeTest setUP -->
  <testcase classname="com.orangehrm_hybrid_framework.testBase.TestBase" name="@AfterMethod tearDown" time="-1.639806660301E9">
    <skipped/>
  </testcase> <!-- @AfterMethod tearDown -->
  <testcase classname="com.orangehrm_hybrid_framework.testBase.TestBase" name="@AfterTest tearDown" time="-1.63980666031E9">
    <skipped/>
  </testcase> <!-- @AfterTest tearDown -->
  <testcase classname="com.orangehrm_hybrid_framework.testCase.LoginTC" name="LoginToOrangeHrmTC002" time="0.0">
    <skipped/>
  </testcase> <!-- LoginToOrangeHrmTC002 -->
</testsuite> <!-- Login Test -->
